Unity Editor version:    2020.3.30f1 (1fb1bf06830e)
Branch:                  2020.3/staging
Build type:              Release
Batch mode:              YES
macOS version:           Version 12.3.1 (Build 21E258)
Darwin version:          21.4.0
Architecture:            x86_64
Running under Rosetta:   YES
Available memory:        8192 MB
Using pre-set license
Pro License: NO

COMMAND LINE ARGUMENTS:
/Applications/Unity/Hub/Editor/2020.3.30f1/Unity.app/Contents/MacOS/Unity
-adb2
-batchMode
-noUpm
-name
AssetImportWorker0
-projectPath
/Users/cha/Documents/GitHub/S.G-Unity/SG
-logFile
Logs/AssetImportWorker0.log
-srvPort
51357
Successfully changed project path to: /Users/cha/Documents/GitHub/S.G-Unity/SG
/Users/cha/Documents/GitHub/S.G-Unity/SG
Using Asset Import Pipeline V2.
Refreshing native plugins compatible for Editor in 44.76 ms, found 3 plugins.
Preloading 0 native plugins for Editor in 0.00 ms.
Initialize engine version: 2020.3.30f1 (1fb1bf06830e)
[Subsystems] Discovering subsystems at path /Applications/Unity/Hub/Editor/2020.3.30f1/Unity.app/Contents/Resources/UnitySubsystems
[Subsystems] Discovering subsystems at path /Users/cha/Documents/GitHub/S.G-Unity/SG/Assets
GfxDevice: creating device client; threaded=0
2022-05-27 14:54:44.295 Unity[38416:1715911] (null) preferred device: Apple M1 (high power)
2022-05-27 14:54:44.295 Unity[38416:1715911] Metal devices available: 1
2022-05-27 14:54:44.295 Unity[38416:1715911] 0: Apple M1 (high power)
2022-05-27 14:54:44.296 Unity[38416:1715911] Using device Apple M1 (high power)
Initializing Metal device caps: Apple M1
Initialize mono
Mono path[0] = '/Applications/Unity/Hub/Editor/2020.3.30f1/Unity.app/Contents/Managed'
Mono path[1] = '/Applications/Unity/Hub/Editor/2020.3.30f1/Unity.app/Contents/MonoBleedingEdge/lib/mono/unityjit'
Mono config path = '/Applications/Unity/Hub/Editor/2020.3.30f1/Unity.app/Contents/MonoBleedingEdge/etc'
Using monoOptions --debugger-agent=transport=dt_socket,embedding=1,server=y,suspend=n,address=127.0.0.1:56416
Begin MonoManager ReloadAssembly
Registering precompiled unity dll's ...
Register platform support module: /Applications/Unity/Hub/Editor/2020.3.30f1/Unity.app/Contents/PlaybackEngines/MacStandaloneSupport/UnityEditor.OSXStandalone.Extensions.dll
Registered in 0.000938 seconds.
Native extension for OSXStandalone target not found
Refreshing native plugins compatible for Editor in 42.74 ms, found 3 plugins.
Preloading 0 native plugins for Editor in 0.00 ms.
Mono: successfully reloaded assembly
- Completed reload, in  1.244 seconds
Domain Reload Profiling:
	ReloadAssembly (1244ms)
		BeginReloadAssembly (132ms)
			ExecutionOrderSort (0ms)
			DisableScriptedObjects (0ms)
			BackupInstance (0ms)
			ReleaseScriptingObjects (0ms)
			CreateAndSetChildDomain (4ms)
		EndReloadAssembly (998ms)
			LoadAssemblies (129ms)
			RebuildTransferFunctionScriptingTraits (1ms)
			SetupTypeCache (185ms)
			ReleaseScriptCaches (0ms)
			RebuildScriptCaches (40ms)
			SetupLoadedEditorAssemblies (488ms)
				LogAssemblyErrors (0ms)
				InitializePlatformSupportModulesInManaged (11ms)
				SetLoadedEditorAssemblies (0ms)
				RefreshPlugins (43ms)
				BeforeProcessingInitializeOnLoad (30ms)
				ProcessInitializeOnLoadAttributes (294ms)
				ProcessInitializeOnLoadMethodAttributes (110ms)
				AfterProcessingInitializeOnLoad (0ms)
				EditorAssembliesLoaded (1ms)
			ExecutionOrderSort2 (0ms)
			AwakeInstancesAfterBackupRestoration (0ms)
Platform modules already initialized, skipping
Registering precompiled user dll's ...
Registered in 0.002220 seconds.
Begin MonoManager ReloadAssembly
Symbol file data-0x7f9160678000 doesn't match image /Users/cha/Documents/GitHub/S.G-Unity/SG/Library/ScriptAssemblies/Unity.2D.Animation.Editor.dll
Symbol file LoadedFromMemory is not a mono symbol file
Symbol file data-0x7f917a023690 doesn't match image /Users/cha/Documents/GitHub/S.G-Unity/SG/Library/ScriptAssemblies/Unity.InternalAPIEngineBridge.001.dll
Symbol file LoadedFromMemory is not a mono symbol file
Symbol file data-0x7f915b0e8a00 doesn't match image /Users/cha/Documents/GitHub/S.G-Unity/SG/Library/ScriptAssemblies/Unity.VSCode.Editor.dll
Symbol file LoadedFromMemory is not a mono symbol file
Symbol file data-0x7f915b0dec00 doesn't match image /Users/cha/Documents/GitHub/S.G-Unity/SG/Library/ScriptAssemblies/Unity.2D.PixelPerfect.dll
Symbol file LoadedFromMemory is not a mono symbol file
Symbol file data-0x7f91606d0000 doesn't match image /Users/cha/Documents/GitHub/S.G-Unity/SG/Library/ScriptAssemblies/Unity.2D.Tilemap.Editor.dll
Symbol file LoadedFromMemory is not a mono symbol file
Symbol file data-0x7f91606d0000 doesn't match image /Users/cha/Documents/GitHub/S.G-Unity/SG/Library/ScriptAssemblies/PsdPlugin.dll
Symbol file LoadedFromMemory is not a mono symbol file
Symbol file data-0x7f91606d0000 doesn't match image /Users/cha/Documents/GitHub/S.G-Unity/SG/Library/ScriptAssemblies/Unity.TextMeshPro.Editor.dll
Symbol file LoadedFromMemory is not a mono symbol file
Symbol file data-0x7f915b0e8a00 doesn't match image /Users/cha/Documents/GitHub/S.G-Unity/SG/Library/ScriptAssemblies/Unity.VisualStudio.Editor.dll
Symbol file LoadedFromMemory is not a mono symbol file
Symbol file data-0x7f9180970000 doesn't match image /Users/cha/Documents/GitHub/S.G-Unity/SG/Library/ScriptAssemblies/UnityEngine.TestRunner.dll
Symbol file LoadedFromMemory is not a mono symbol file
Symbol file data-0x7f9180970000 doesn't match image /Users/cha/Documents/GitHub/S.G-Unity/SG/Library/ScriptAssemblies/Unity.Timeline.dll
Symbol file LoadedFromMemory is not a mono symbol file
Symbol file data-0x7f9180a18000 doesn't match image /Users/cha/Documents/GitHub/S.G-Unity/SG/Library/ScriptAssemblies/Unity.TextMeshPro.dll
Symbol file LoadedFromMemory is not a mono symbol file
Symbol file data-0x7f9180a40000 doesn't match image /Users/cha/Documents/GitHub/S.G-Unity/SG/Library/ScriptAssemblies/UnityEditor.TestRunner.dll
Symbol file LoadedFromMemory is not a mono symbol file
Symbol file data-0x7f915ae53e00 doesn't match image /Users/cha/Documents/GitHub/S.G-Unity/SG/Library/ScriptAssemblies/Unity.2D.IK.Editor.dll
Symbol file LoadedFromMemory is not a mono symbol file
Symbol file data-0x7f9180a58000 doesn't match image /Users/cha/Documents/GitHub/S.G-Unity/SG/Library/ScriptAssemblies/Unity.2D.Sprite.Editor.dll
Symbol file LoadedFromMemory is not a mono symbol file
Symbol file data-0x7f915ae7a200 doesn't match image /Users/cha/Documents/GitHub/S.G-Unity/SG/Library/ScriptAssemblies/Unity.2D.Psdimporter.Editor.dll
Symbol file LoadedFromMemory is not a mono symbol file
Symbol file data-0x7f915ae80800 doesn't match image /Users/cha/Documents/GitHub/S.G-Unity/SG/Library/ScriptAssemblies/Unity.2D.Path.Editor.dll
Symbol file LoadedFromMemory is not a mono symbol file
Symbol file data-0x7f915ae41000 doesn't match image /Users/cha/Documents/GitHub/S.G-Unity/SG/Library/ScriptAssemblies/Unity.InternalAPIEditorBridge.001.dll
Symbol file LoadedFromMemory is not a mono symbol file
Symbol file data-0x7f915ae7a200 doesn't match image /Users/cha/Documents/GitHub/S.G-Unity/SG/Library/ScriptAssemblies/UnityEditor.UI.dll
Symbol file LoadedFromMemory is not a mono symbol file
Symbol file data-0x7f9180b18000 doesn't match image /Users/cha/Documents/GitHub/S.G-Unity/SG/Library/ScriptAssemblies/Unity.PlasticSCM.Editor.dll
Symbol file LoadedFromMemory is not a mono symbol file
Symbol file data-0x7f915ae7a200 doesn't match image /Users/cha/Documents/GitHub/S.G-Unity/SG/Library/ScriptAssemblies/Unity.Rider.Editor.dll
Symbol file LoadedFromMemory is not a mono symbol file
Symbol file data-0x7f9180b68000 doesn't match image /Users/cha/Documents/GitHub/S.G-Unity/SG/Library/ScriptAssemblies/UnityEngine.UI.dll
Symbol file LoadedFromMemory is not a mono symbol file
Symbol file data-0x7f91700b8000 doesn't match image /Users/cha/Documents/GitHub/S.G-Unity/SG/Library/ScriptAssemblies/Unity.Mathematics.dll
Symbol file LoadedFromMemory is not a mono symbol file
Symbol file data-0x7f915ae56800 doesn't match image /Users/cha/Documents/GitHub/S.G-Unity/SG/Library/ScriptAssemblies/Unity.2D.IK.Runtime.dll
Symbol file LoadedFromMemory is not a mono symbol file
Symbol file data-0x7f915ae7ea00 doesn't match image /Users/cha/Documents/GitHub/S.G-Unity/SG/Library/ScriptAssemblies/Unity.Services.Core.Editor.dll
Symbol file LoadedFromMemory is not a mono symbol file
Symbol file data-0x7f9180c38000 doesn't match image /Users/cha/Documents/GitHub/S.G-Unity/SG/Library/ScriptAssemblies/Unity.2D.Animation.Triangle.Runtime.dll
Symbol file LoadedFromMemory is not a mono symbol file
Symbol file data-0x7f915ae7ea00 doesn't match image /Users/cha/Documents/GitHub/S.G-Unity/SG/Library/ScriptAssemblies/Unity.2D.Animation.Runtime.dll
Symbol file LoadedFromMemory is not a mono symbol file
Symbol file data-0x7f915ae58000 doesn't match image /Users/cha/Documents/GitHub/S.G-Unity/SG/Library/ScriptAssemblies/Unity.2D.PixelPerfect.Editor.dll
Symbol file LoadedFromMemory is not a mono symbol file
Symbol file data-0x7f9180cf8000 doesn't match image /Users/cha/Documents/GitHub/S.G-Unity/SG/Library/ScriptAssemblies/Unity.Timeline.Editor.dll
Symbol file LoadedFromMemory is not a mono symbol file
Symbol file data-0x7f9180b78000 doesn't match image /Users/cha/Documents/GitHub/S.G-Unity/SG/Library/ScriptAssemblies/Unity.CollabProxy.Editor.dll
Symbol file LoadedFromMemory is not a mono symbol file
Symbol file data-0x7f915ae7fa00 doesn't match image /Users/cha/Documents/GitHub/S.G-Unity/SG/Library/ScriptAssemblies/Unity.Mathematics.Editor.dll
Symbol file LoadedFromMemory is not a mono symbol file
Symbol file data-0x7f9179740d90 doesn't match image /Users/cha/Documents/GitHub/S.G-Unity/SG/Library/ScriptAssemblies/Unity.2D.Common.Runtime.dll
Symbol file LoadedFromMemory is not a mono symbol file
Symbol file data-0x7f915ae8b800 doesn't match image /Users/cha/Documents/GitHub/S.G-Unity/SG/Library/ScriptAssemblies/Unity.2D.SpriteShape.Editor.dll
Symbol file LoadedFromMemory is not a mono symbol file
Symbol file data-0x7f915ae99c00 doesn't match image /Users/cha/Documents/GitHub/S.G-Unity/SG/Library/ScriptAssemblies/Unity.2D.Common.Editor.dll
Symbol file LoadedFromMemory is not a mono symbol file
Symbol file data-0x7f9180b78000 doesn't match image /Users/cha/Documents/GitHub/S.G-Unity/SG/Library/ScriptAssemblies/Unity.2D.SpriteShape.Runtime.dll
Symbol file LoadedFromMemory is not a mono symbol file
Native extension for OSXStandalone target not found
Refreshing native plugins compatible for Editor in 42.12 ms, found 3 plugins.
Preloading 0 native plugins for Editor in 0.00 ms.
Mono: successfully reloaded assembly
- Completed reload, in  2.187 seconds
Domain Reload Profiling:
	ReloadAssembly (2188ms)
		BeginReloadAssembly (248ms)
			ExecutionOrderSort (0ms)
			DisableScriptedObjects (29ms)
			BackupInstance (0ms)
			ReleaseScriptingObjects (0ms)
			CreateAndSetChildDomain (31ms)
		EndReloadAssembly (1852ms)
			LoadAssemblies (199ms)
			RebuildTransferFunctionScriptingTraits (0ms)
			SetupTypeCache (336ms)
			ReleaseScriptCaches (1ms)
			RebuildScriptCaches (57ms)
			SetupLoadedEditorAssemblies (961ms)
				LogAssemblyErrors (0ms)
				InitializePlatformSupportModulesInManaged (9ms)
				SetLoadedEditorAssemblies (0ms)
				RefreshPlugins (42ms)
				BeforeProcessingInitializeOnLoad (153ms)
				ProcessInitializeOnLoadAttributes (709ms)
				ProcessInitializeOnLoadMethodAttributes (47ms)
				AfterProcessingInitializeOnLoad (1ms)
				EditorAssembliesLoaded (0ms)
			ExecutionOrderSort2 (0ms)
			AwakeInstancesAfterBackupRestoration (28ms)
Platform modules already initialized, skipping
Validating Project structure ... 0.001487 seconds.
Shader import version has changed; will reimport all shaders...
Upgrading shader files ...0.000594 seconds.
Application.AssetDatabase Initial Script Refresh Start
RefreshInfo: InitialScriptRefreshV2(NoUpdateAssetOptions) scanfilter:  ... 1 filters
RefreshProfiler: Total: 0.000ms
Application.AssetDatabase Initial Script Refresh End
Application.AssetDatabase.Refresh Start
Application.AssetDatabase.Refresh End
RefreshInfo: StopAssetImportingV2(ForceSynchronousImport) scanfilter: 
RefreshProfiler: Total: 0.000ms
Launching external process: /Applications/Unity/Hub/Editor/2020.3.30f1/Unity.app/Contents/Tools/UnityShaderCompiler
Launched and connected shader compiler UnityShaderCompiler after 0.17 seconds
Initializing Unity extensions:
2022-05-27 14:54:49.314 Unity[38416:1715911] NSEventModifierFlagFunction specified to -setKeyEquivalentModifierMask: for item <NSMenuItem: 0x6000017de680 Font Asset, ke='Command-F12'>, but is only supported for system-provided menu items; will not be used
2022-05-27 14:54:49.317 Unity[38416:1715911] NSEventModifierFlagFunction specified to -setKeyEquivalentModifierMask: for item <NSMenuItem: 0x6000017a0fc0 Font Asset, ke='Command-F12'>, but is only supported for system-provided menu items; will not be used
========================================================================
Worker process is ready to serve import requests
Refreshing native plugins compatible for Editor in 0.27 ms, found 3 plugins.
Preloading 0 native plugins for Editor in 0.00 ms.
Unloading 2202 Unused Serialized files (Serialized files now loaded: 0)
System memory in use before: 212.1 MB.
System memory in use after: 211.2 MB.

Unloading 108 unused Assets to reduce memory usage. Loaded Objects now: 2675.
Total: 3.598458 ms (FindLiveObjects: 0.111584 ms CreateObjectMapping: 0.044041 ms MarkObjects: 2.974417 ms  DeleteObjects: 0.467625 ms)

AssetImportParameters requested are different than current active one (requested -> active):
  custom:video-decoder-ogg-theora: a1e56fd34408186e4bbccfd4996cb3dc -> 
  custom:container-muxer-webm: aa71ff27fc2769a1b78a27578f13a17b -> 
  custom:container-demuxer-webm: 4f35f7cbe854078d1ac9338744f61a02 -> 
  custom:container-demuxer-ogg: 62fdf1f143b41e24485cea50d1cbac27 -> 
  custom:video-encoder-webm-vp8: eb34c28f22e8b96e1ab97ce403110664 -> 
  custom:framework-osx-AVFoundation: e770b220cccbd017edd2c1fefb359320 -> 
  custom:video-decoder-webm-vp8: 9c59270c3fd7afecdb556c50c9e8de78 -> 
  custom:audio-decoder-ogg-vorbis: bf7c407c2cedff20999df2af8eb42d56 -> 
  custom:audio-encoder-webm-vorbis: bf7c407c2cedff20999df2af8eb42d56 -> 
========================================================================
Received Import Request.
  path: Assets/Sprites/Skin/Grade2(F).png
  artifactKey: Guid(a948996e77ca2439e9e11fe7de17ccc5) Importer(815301076,1909f56bfc062723c751e8b465ee728b)
Start importing Assets/Sprites/Skin/Grade2(F).png using Guid(a948996e77ca2439e9e11fe7de17ccc5) Importer(815301076,1909f56bfc062723c751e8b465ee728b)  -> (artifact id: '0cb754001f02f0bd2a1fe4fac01e87ab') in 0.428300 seconds 
========================================================================
Received Import Request.
  Time since last request: 0.001024 seconds.
  path: Assets/Sprites/Skin/Chrismas_hit.png
  artifactKey: Guid(95a6cfcd50d084d228cc230db27e74ef) Importer(815301076,1909f56bfc062723c751e8b465ee728b)
Start importing Assets/Sprites/Skin/Chrismas_hit.png using Guid(95a6cfcd50d084d228cc230db27e74ef) Importer(815301076,1909f56bfc062723c751e8b465ee728b)  -> (artifact id: '24f4a1c1336b5b2dbbad224576942e21') in 0.012838 seconds 
========================================================================
Received Import Request.
  Time since last request: 0.000189 seconds.
  path: Assets/Sprites/Skin/Grade4.png
  artifactKey: Guid(252104e5d0cc34fabafbf5687edd3b35) Importer(815301076,1909f56bfc062723c751e8b465ee728b)
Start importing Assets/Sprites/Skin/Grade4.png using Guid(252104e5d0cc34fabafbf5687edd3b35) Importer(815301076,1909f56bfc062723c751e8b465ee728b)  -> (artifact id: 'e7f814833e50e16ed770a05dd250d82b') in 0.009818 seconds 
========================================================================
Received Import Request.
  Time since last request: 0.000143 seconds.
  path: Assets/Sprites/Skin/Hanbok(F).png
  artifactKey: Guid(cfb0da3fe3f3148f6a1369555ac5c5ba) Importer(815301076,1909f56bfc062723c751e8b465ee728b)
Start importing Assets/Sprites/Skin/Hanbok(F).png using Guid(cfb0da3fe3f3148f6a1369555ac5c5ba) Importer(815301076,1909f56bfc062723c751e8b465ee728b)  -> (artifact id: 'a4e59e729b4c9f1d471cdc8ec50fd4ed') in 0.010511 seconds 
========================================================================
Received Import Request.
  Time since last request: 0.000127 seconds.
  path: Assets/Sprites/Skin/Grade4_hit.png
  artifactKey: Guid(1ddcdd54ff621461db635f1cc19d7a36) Importer(815301076,1909f56bfc062723c751e8b465ee728b)
Start importing Assets/Sprites/Skin/Grade4_hit.png using Guid(1ddcdd54ff621461db635f1cc19d7a36) Importer(815301076,1909f56bfc062723c751e8b465ee728b)  -> (artifact id: 'eaf1ff549e0189be0435c0ab60d07edb') in 0.008461 seconds 
========================================================================
Received Import Request.
  Time since last request: 0.000195 seconds.
  path: Assets/Sprites/Skin/Hanbok.png
  artifactKey: Guid(11ec602d7555747f694ae70d2540eacc) Importer(815301076,1909f56bfc062723c751e8b465ee728b)
Start importing Assets/Sprites/Skin/Hanbok.png using Guid(11ec602d7555747f694ae70d2540eacc) Importer(815301076,1909f56bfc062723c751e8b465ee728b)  -> (artifact id: '31215d8aadac5ba06192c0c935b4eaab') in 0.007818 seconds 
========================================================================
Received Import Request.
  Time since last request: 0.000212 seconds.
  path: Assets/Sprites/Skin/Witch.png
  artifactKey: Guid(7e06690e98dda4f65b350a822244a1c1) Importer(815301076,1909f56bfc062723c751e8b465ee728b)
Start importing Assets/Sprites/Skin/Witch.png using Guid(7e06690e98dda4f65b350a822244a1c1) Importer(815301076,1909f56bfc062723c751e8b465ee728b)  -> (artifact id: 'd4833384777c11643134e414dc64ea13') in 0.007659 seconds 
========================================================================
Received Import Request.
  Time since last request: 0.000174 seconds.
  path: Assets/Sprites/Wolk
  artifactKey: Guid(b2854eac92d9c4358af688827279a917) Importer(815301076,1909f56bfc062723c751e8b465ee728b)
Start importing Assets/Sprites/Wolk using Guid(b2854eac92d9c4358af688827279a917) Importer(815301076,1909f56bfc062723c751e8b465ee728b)  -> (artifact id: 'd87f58d15e937ecc8134f50d57dda173') in 0.000637 seconds 
========================================================================
Received Import Request.
  Time since last request: 0.000161 seconds.
  path: Assets/Sprites/Skin/Chrismas.png
  artifactKey: Guid(fa9ca056d9128479185a5af21b8d1e5c) Importer(815301076,1909f56bfc062723c751e8b465ee728b)
Start importing Assets/Sprites/Skin/Chrismas.png using Guid(fa9ca056d9128479185a5af21b8d1e5c) Importer(815301076,1909f56bfc062723c751e8b465ee728b)  -> (artifact id: 'fd1844bf10ba0cf527b6289fb343c5e7') in 0.008261 seconds 
========================================================================
Received Import Request.
  Time since last request: 0.000232 seconds.
  path: Assets/Sprites/Skin/Hanbok_hit.png
  artifactKey: Guid(1e4462cef05b24aed903b9c6b77cbe98) Importer(815301076,1909f56bfc062723c751e8b465ee728b)
Start importing Assets/Sprites/Skin/Hanbok_hit.png using Guid(1e4462cef05b24aed903b9c6b77cbe98) Importer(815301076,1909f56bfc062723c751e8b465ee728b)  -> (artifact id: '8b35b8d8a3db9b935f878256eb32ef82') in 0.007959 seconds 
========================================================================
Received Import Request.
  Time since last request: 0.000186 seconds.
  path: Assets/Sprites/Skin/Grade2(M).png
  artifactKey: Guid(4115eb8eb9dc9475bba4344223c0cdf8) Importer(815301076,1909f56bfc062723c751e8b465ee728b)
Start importing Assets/Sprites/Skin/Grade2(M).png using Guid(4115eb8eb9dc9475bba4344223c0cdf8) Importer(815301076,1909f56bfc062723c751e8b465ee728b)  -> (artifact id: '2dbbbc80e90ea1f5d1a366935bebf830') in 0.010260 seconds 
========================================================================
Received Import Request.
  Time since last request: 0.000229 seconds.
  path: Assets/Sprites/Skin/Grade3.png
  artifactKey: Guid(6d71a1fc7ba6e4a5cb833ca873e591d2) Importer(815301076,1909f56bfc062723c751e8b465ee728b)
Start importing Assets/Sprites/Skin/Grade3.png using Guid(6d71a1fc7ba6e4a5cb833ca873e591d2) Importer(815301076,1909f56bfc062723c751e8b465ee728b)  -> (artifact id: 'bfb03bd26fcbde18191f00489c8615c6') in 0.008318 seconds 
========================================================================
Received Import Request.
  Time since last request: 0.000223 seconds.
  path: Assets/Sprites/Skin/Hanbok(F)_hit.png
  artifactKey: Guid(afe0a177232a64b00a0f29376bffc56a) Importer(815301076,1909f56bfc062723c751e8b465ee728b)
Start importing Assets/Sprites/Skin/Hanbok(F)_hit.png using Guid(afe0a177232a64b00a0f29376bffc56a) Importer(815301076,1909f56bfc062723c751e8b465ee728b)  -> (artifact id: 'be1c49c369e989b2c1d9cd6415b58114') in 0.007880 seconds 
========================================================================
Received Import Request.
  Time since last request: 0.000186 seconds.
  path: Assets/Sprites/Skin/Grade2(F)_hit.png
  artifactKey: Guid(16291c100a478470ea16ae982781e8ed) Importer(815301076,1909f56bfc062723c751e8b465ee728b)
Start importing Assets/Sprites/Skin/Grade2(F)_hit.png using Guid(16291c100a478470ea16ae982781e8ed) Importer(815301076,1909f56bfc062723c751e8b465ee728b)  -> (artifact id: '58f88d095952c18a5971459805a65c89') in 0.007843 seconds 
========================================================================
Received Import Request.
  Time since last request: 0.000210 seconds.
  path: Assets/Sprites/Skin/Grade1_hit.png
  artifactKey: Guid(93c36700e7b214307ae786ac52bef703) Importer(815301076,1909f56bfc062723c751e8b465ee728b)
Start importing Assets/Sprites/Skin/Grade1_hit.png using Guid(93c36700e7b214307ae786ac52bef703) Importer(815301076,1909f56bfc062723c751e8b465ee728b)  -> (artifact id: 'ad256ca3caa18e9ead37aab5e519f38f') in 0.007828 seconds 
========================================================================
Received Import Request.
  Time since last request: 0.000166 seconds.
  path: Assets/Sprites/Skin/Witch_hit.png
  artifactKey: Guid(8afda54307f18426388f78976e758f96) Importer(815301076,1909f56bfc062723c751e8b465ee728b)
Start importing Assets/Sprites/Skin/Witch_hit.png using Guid(8afda54307f18426388f78976e758f96) Importer(815301076,1909f56bfc062723c751e8b465ee728b)  -> (artifact id: 'fb82954235869aa86138af54b32f1659') in 0.008115 seconds 
========================================================================
Received Import Request.
  Time since last request: 0.000211 seconds.
  path: Assets/Sprites/Skin/Grade2(M)_hit.png
  artifactKey: Guid(f251426877fc4423981438b1ce61750e) Importer(815301076,1909f56bfc062723c751e8b465ee728b)
Start importing Assets/Sprites/Skin/Grade2(M)_hit.png using Guid(f251426877fc4423981438b1ce61750e) Importer(815301076,1909f56bfc062723c751e8b465ee728b)  -> (artifact id: 'a7f2c246fbfcc53f3f8d457afedd54b6') in 0.007965 seconds 
========================================================================
Received Import Request.
  Time since last request: 0.000233 seconds.
  path: Assets/Sprites/Skin
  artifactKey: Guid(07c69fa69726c4aa8bf529ed31bb9008) Importer(815301076,1909f56bfc062723c751e8b465ee728b)
Start importing Assets/Sprites/Skin using Guid(07c69fa69726c4aa8bf529ed31bb9008) Importer(815301076,1909f56bfc062723c751e8b465ee728b)  -> (artifact id: 'ff79673cf6e0d474023fb9ef51749288') in 0.000464 seconds 
========================================================================
Received Import Request.
  Time since last request: 0.000160 seconds.
  path: Assets/Sprites/Skin/Grade3_hit.png
  artifactKey: Guid(5227fc4de5acd4c5b9d02bf1adcfa04d) Importer(815301076,1909f56bfc062723c751e8b465ee728b)
Start importing Assets/Sprites/Skin/Grade3_hit.png using Guid(5227fc4de5acd4c5b9d02bf1adcfa04d) Importer(815301076,1909f56bfc062723c751e8b465ee728b)  -> (artifact id: '4ce8fadaf42f4c83850e5acd5eb9b7bd') in 0.011586 seconds 
========================================================================
Received Import Request.
  Time since last request: 38.721359 seconds.
  path: Assets/Prefebs/Grade2.prefab
  artifactKey: Guid(3e1ba95589fdc4da1856a8d99d172e1b) Importer(815301076,1909f56bfc062723c751e8b465ee728b)
Start importing Assets/Prefebs/Grade2.prefab using Guid(3e1ba95589fdc4da1856a8d99d172e1b) Importer(815301076,1909f56bfc062723c751e8b465ee728b)  -> (artifact id: 'a79030885ddfeb42c8a162c3c0ab0f0b') in 0.309925 seconds 
========================================================================
Received Import Request.
  Time since last request: 36.730952 seconds.
  path: Assets/Prefebs/Grade3.prefab
  artifactKey: Guid(c5fee226da47c479fbcc0b4c0147db06) Importer(815301076,1909f56bfc062723c751e8b465ee728b)
Start importing Assets/Prefebs/Grade3.prefab using Guid(c5fee226da47c479fbcc0b4c0147db06) Importer(815301076,1909f56bfc062723c751e8b465ee728b)  -> (artifact id: 'f10c449562455ed99cb24fb2a11b79ff') in 0.042084 seconds 
========================================================================
Received Import Request.
  Time since last request: 7.947413 seconds.
  path: Assets/Sprites/Wolk/Chirismas_0.png
  artifactKey: Guid(12c834e62e89d4fca965faeef45832bd) Importer(815301076,1909f56bfc062723c751e8b465ee728b)
Start importing Assets/Sprites/Wolk/Chirismas_0.png using Guid(12c834e62e89d4fca965faeef45832bd) Importer(815301076,1909f56bfc062723c751e8b465ee728b)  -> (artifact id: 'd24a469b06283d9e8fa8e384b5dfd59a') in 0.014131 seconds 
========================================================================
Received Import Request.
  Time since last request: 0.000185 seconds.
  path: Assets/Sprites/Wolk/Grade2_0.png
  artifactKey: Guid(53d02eccc35ec4ee4b64175842d3948e) Importer(815301076,1909f56bfc062723c751e8b465ee728b)
Start importing Assets/Sprites/Wolk/Grade2_0.png using Guid(53d02eccc35ec4ee4b64175842d3948e) Importer(815301076,1909f56bfc062723c751e8b465ee728b)  -> (artifact id: '451e9392bea18d74cb69b96f286bde4c') in 0.009545 seconds 
========================================================================
Received Import Request.
  Time since last request: 0.000335 seconds.
  path: Assets/Sprites/Wolk/Witch_2.png
  artifactKey: Guid(7058756a21e1049ea843b0ff39849caa) Importer(815301076,1909f56bfc062723c751e8b465ee728b)
Start importing Assets/Sprites/Wolk/Witch_2.png using Guid(7058756a21e1049ea843b0ff39849caa) Importer(815301076,1909f56bfc062723c751e8b465ee728b)  -> (artifact id: 'a1ec074e923113cdac59b7565a79601f') in 0.008750 seconds 
========================================================================
Received Import Request.
  Time since last request: 0.000183 seconds.
  path: Assets/Sprites/Wolk/Witch_0.png
  artifactKey: Guid(749d9309c6c374b18bcb9cbc2e9aeff5) Importer(815301076,1909f56bfc062723c751e8b465ee728b)
Start importing Assets/Sprites/Wolk/Witch_0.png using Guid(749d9309c6c374b18bcb9cbc2e9aeff5) Importer(815301076,1909f56bfc062723c751e8b465ee728b)  -> (artifact id: '31aafc472e17cd226aacfda5c6843f07') in 0.008013 seconds 
========================================================================
Received Import Request.
  Time since last request: 0.000141 seconds.
  path: Assets/Sprites/Wolk/Grade3_2.png
  artifactKey: Guid(a1893b7ef34944a9a94a505978678e6d) Importer(815301076,1909f56bfc062723c751e8b465ee728b)
Start importing Assets/Sprites/Wolk/Grade3_2.png using Guid(a1893b7ef34944a9a94a505978678e6d) Importer(815301076,1909f56bfc062723c751e8b465ee728b)  -> (artifact id: '23c81f828e562a84415a0613e3bd86fd') in 0.006994 seconds 
========================================================================
Received Import Request.
  Time since last request: 0.000193 seconds.
  path: Assets/Sprites/Wolk/Witch_1.png
  artifactKey: Guid(766ff130bbc08446b8a5e2d7b28e77a4) Importer(815301076,1909f56bfc062723c751e8b465ee728b)
Start importing Assets/Sprites/Wolk/Witch_1.png using Guid(766ff130bbc08446b8a5e2d7b28e77a4) Importer(815301076,1909f56bfc062723c751e8b465ee728b)  -> (artifact id: '1d5e20f8adf8416fa3cd56ba15490b02') in 0.007228 seconds 
========================================================================
Received Import Request.
  Time since last request: 0.000198 seconds.
  path: Assets/Sprites/Wolk/Grade3_0.png
  artifactKey: Guid(46f475910868d43d9830c2067683a9ad) Importer(815301076,1909f56bfc062723c751e8b465ee728b)
Start importing Assets/Sprites/Wolk/Grade3_0.png using Guid(46f475910868d43d9830c2067683a9ad) Importer(815301076,1909f56bfc062723c751e8b465ee728b)  -> (artifact id: '2fed6bf3e44ee4ab924b6370c6d9523d') in 0.007267 seconds 
========================================================================
Received Import Request.
  Time since last request: 0.000209 seconds.
  path: Assets/Sprites/Wolk/Hanbok_2.png
  artifactKey: Guid(c59c23df1df2f4542832d206a046731b) Importer(815301076,1909f56bfc062723c751e8b465ee728b)
Start importing Assets/Sprites/Wolk/Hanbok_2.png using Guid(c59c23df1df2f4542832d206a046731b) Importer(815301076,1909f56bfc062723c751e8b465ee728b)  -> (artifact id: '869e3bc58f5f2f53ba3ca5d32404086e') in 0.007081 seconds 
========================================================================
Received Import Request.
  Time since last request: 0.000190 seconds.
  path: Assets/Sprites/Wolk/Grade2_1.png
  artifactKey: Guid(27ed59f6bc485430180544fc890735aa) Importer(815301076,1909f56bfc062723c751e8b465ee728b)
Start importing Assets/Sprites/Wolk/Grade2_1.png using Guid(27ed59f6bc485430180544fc890735aa) Importer(815301076,1909f56bfc062723c751e8b465ee728b)  -> (artifact id: '9825307d51651ed2ce88fad52413781b') in 0.006570 seconds 
========================================================================
Received Import Request.
  Time since last request: 0.000218 seconds.
  path: Assets/Sprites/Wolk/Hanbok(F)_0.png
  artifactKey: Guid(97d5dc296866f449b8db576eab55746e) Importer(815301076,1909f56bfc062723c751e8b465ee728b)
Start importing Assets/Sprites/Wolk/Hanbok(F)_0.png using Guid(97d5dc296866f449b8db576eab55746e) Importer(815301076,1909f56bfc062723c751e8b465ee728b)  -> (artifact id: 'f3012ce53e9fc29f7eaa0fbe2ee635bb') in 0.007312 seconds 
========================================================================
Received Import Request.
  Time since last request: 0.000276 seconds.
  path: Assets/Sprites/Wolk/Grade4_2.png
  artifactKey: Guid(57bbf67b1f4004ca885a7bd3732332af) Importer(815301076,1909f56bfc062723c751e8b465ee728b)
Start importing Assets/Sprites/Wolk/Grade4_2.png using Guid(57bbf67b1f4004ca885a7bd3732332af) Importer(815301076,1909f56bfc062723c751e8b465ee728b)  -> (artifact id: '00389cb2b1ebe6c5c3afa45e80a006c2') in 0.007240 seconds 
========================================================================
Received Import Request.
  Time since last request: 0.000198 seconds.
  path: Assets/Sprites/Wolk/Hanbok_0.png
  artifactKey: Guid(4f707a284b2504d26a66f2ad12acbf61) Importer(815301076,1909f56bfc062723c751e8b465ee728b)
Start importing Assets/Sprites/Wolk/Hanbok_0.png using Guid(4f707a284b2504d26a66f2ad12acbf61) Importer(815301076,1909f56bfc062723c751e8b465ee728b)  -> (artifact id: '9d86b77b3b2335355ace7d76489559dc') in 0.007147 seconds 
========================================================================
Received Import Request.
  Time since last request: 0.000253 seconds.
  path: Assets/Sprites/Wolk/Chrismas_2.png
  artifactKey: Guid(b2002898d35024cdf903cb6e7f282791) Importer(815301076,1909f56bfc062723c751e8b465ee728b)
Start importing Assets/Sprites/Wolk/Chrismas_2.png using Guid(b2002898d35024cdf903cb6e7f282791) Importer(815301076,1909f56bfc062723c751e8b465ee728b)  -> (artifact id: 'ceaa1d675f2f628747fb607f664dcc74') in 0.006834 seconds 
========================================================================
Received Import Request.
  Time since last request: 0.000236 seconds.
  path: Assets/Sprites/Wolk/Grade3_1.png
  artifactKey: Guid(74de6537b3656491a8d72cd4d954c15d) Importer(815301076,1909f56bfc062723c751e8b465ee728b)
Start importing Assets/Sprites/Wolk/Grade3_1.png using Guid(74de6537b3656491a8d72cd4d954c15d) Importer(815301076,1909f56bfc062723c751e8b465ee728b)  -> (artifact id: 'c217dd18409f0e7ea79cc2b75ea502cb') in 0.007035 seconds 
========================================================================
Received Import Request.
  Time since last request: 0.000219 seconds.
  path: Assets/Sprites/Wolk/Hanbok(F)_2.png
  artifactKey: Guid(8945781c2c4f947a292b8b8c0006ffe9) Importer(815301076,1909f56bfc062723c751e8b465ee728b)
Start importing Assets/Sprites/Wolk/Hanbok(F)_2.png using Guid(8945781c2c4f947a292b8b8c0006ffe9) Importer(815301076,1909f56bfc062723c751e8b465ee728b)  -> (artifact id: '30c428dc37256b16a31c5180067d2302') in 0.011161 seconds 
========================================================================
Received Import Request.
  Time since last request: 0.001726 seconds.
  path: Assets/Sprites/Wolk/Grade2_2.png
  artifactKey: Guid(9c0f828d7f1034031beb9f07dffe01df) Importer(815301076,1909f56bfc062723c751e8b465ee728b)
Start importing Assets/Sprites/Wolk/Grade2_2.png using Guid(9c0f828d7f1034031beb9f07dffe01df) Importer(815301076,1909f56bfc062723c751e8b465ee728b)  -> (artifact id: '512cff7480ecfd203e51f32cd28a68ea') in 0.007587 seconds 
========================================================================
Received Import Request.
  Time since last request: 0.000177 seconds.
  path: Assets/Sprites/Wolk/Grade4_0.png
  artifactKey: Guid(12ccef2306a8e4f5aaa1776a8978bd5e) Importer(815301076,1909f56bfc062723c751e8b465ee728b)
Start importing Assets/Sprites/Wolk/Grade4_0.png using Guid(12ccef2306a8e4f5aaa1776a8978bd5e) Importer(815301076,1909f56bfc062723c751e8b465ee728b)  -> (artifact id: '27a258e088008755d4f51cb056b49c8c') in 0.006952 seconds 
========================================================================
Received Import Request.
  Time since last request: 0.000210 seconds.
  path: Assets/Sprites/Wolk/Grade4_1.png
  artifactKey: Guid(66711a8a78bc040a18d538c43fc43539) Importer(815301076,1909f56bfc062723c751e8b465ee728b)
Start importing Assets/Sprites/Wolk/Grade4_1.png using Guid(66711a8a78bc040a18d538c43fc43539) Importer(815301076,1909f56bfc062723c751e8b465ee728b)  -> (artifact id: '0422e5d06737841aad236a3c2bf5dbae') in 0.007149 seconds 
========================================================================
Received Import Request.
  Time since last request: 0.000210 seconds.
  path: Assets/Sprites/Wolk/Hanbok_1.png
  artifactKey: Guid(ced391b2d45374473935b1ef0a5e308c) Importer(815301076,1909f56bfc062723c751e8b465ee728b)
Start importing Assets/Sprites/Wolk/Hanbok_1.png using Guid(ced391b2d45374473935b1ef0a5e308c) Importer(815301076,1909f56bfc062723c751e8b465ee728b)  -> (artifact id: '9d2eb7f05132f13ba189a9c2df6ce8c6') in 0.007187 seconds 
========================================================================
Received Import Request.
  Time since last request: 0.000201 seconds.
  path: Assets/Sprites/Wolk/Chrismas_1.png
  artifactKey: Guid(af83206def89d4c0ebd968e961c02caa) Importer(815301076,1909f56bfc062723c751e8b465ee728b)
Start importing Assets/Sprites/Wolk/Chrismas_1.png using Guid(af83206def89d4c0ebd968e961c02caa) Importer(815301076,1909f56bfc062723c751e8b465ee728b)  -> (artifact id: '93aa54606dadc9c91e7c538ebedc5b9a') in 0.008098 seconds 
========================================================================
Received Import Request.
  Time since last request: 0.000167 seconds.
  path: Assets/Sprites/Wolk/Hanbok(F)_1.png
  artifactKey: Guid(56f437c859016401da362a5e4c366896) Importer(815301076,1909f56bfc062723c751e8b465ee728b)
Start importing Assets/Sprites/Wolk/Hanbok(F)_1.png using Guid(56f437c859016401da362a5e4c366896) Importer(815301076,1909f56bfc062723c751e8b465ee728b)  -> (artifact id: '9ec9ac5a576aa08eb674dcd403998616') in 0.006872 seconds 
========================================================================
Received Import Request.
  Time since last request: 270.471590 seconds.
  path: Assets/Prefebs/Grade4.prefab
  artifactKey: Guid(678387f42582d4d62ae14cee4a8c928c) Importer(815301076,1909f56bfc062723c751e8b465ee728b)
Start importing Assets/Prefebs/Grade4.prefab using Guid(678387f42582d4d62ae14cee4a8c928c) Importer(815301076,1909f56bfc062723c751e8b465ee728b)  -> (artifact id: 'ee49020a227de21cd6728e74f2f8c465') in 0.026425 seconds 
========================================================================
Received Import Request.
  Time since last request: 4.894822 seconds.
  path: Assets/Sprites/Object/30 30 A.png
  artifactKey: Guid(91c7bbc561c0048648a4488e2dc11254) Importer(815301076,1909f56bfc062723c751e8b465ee728b)
Start importing Assets/Sprites/Object/30 30 A.png using Guid(91c7bbc561c0048648a4488e2dc11254) Importer(815301076,1909f56bfc062723c751e8b465ee728b)  -> (artifact id: '19f03c71e5e6e023e4071ffd5b9cda68') in 0.039776 seconds 
========================================================================
Received Import Request.
  Time since last request: 0.000243 seconds.
  path: Assets/Sprites/Object/60 60 F.png
  artifactKey: Guid(b6f25c960ea0048138ac353764a4fad0) Importer(815301076,1909f56bfc062723c751e8b465ee728b)
Start importing Assets/Sprites/Object/60 60 F.png using Guid(b6f25c960ea0048138ac353764a4fad0) Importer(815301076,1909f56bfc062723c751e8b465ee728b)  -> (artifact id: 'f8428484f73e8d652e6c0ced7969d517') in 0.010762 seconds 
========================================================================
Received Import Request.
  Time since last request: 0.000162 seconds.
  path: Assets/Sprites/Object/50 50 C.png
  artifactKey: Guid(e97c62b1d17e345ee9cb0a316147fce4) Importer(815301076,1909f56bfc062723c751e8b465ee728b)
Start importing Assets/Sprites/Object/50 50 C.png using Guid(e97c62b1d17e345ee9cb0a316147fce4) Importer(815301076,1909f56bfc062723c751e8b465ee728b)  -> (artifact id: 'cb9dbb910bae4bc6dfc5d1bc8fcaac88') in 0.010013 seconds 
========================================================================
Received Import Request.
  Time since last request: 0.000213 seconds.
  path: Assets/Sprites/Object/60 60 F 11.png
  artifactKey: Guid(ba6a6911291ec414cbb54d0f7be685a0) Importer(815301076,1909f56bfc062723c751e8b465ee728b)
Start importing Assets/Sprites/Object/60 60 F 11.png using Guid(ba6a6911291ec414cbb54d0f7be685a0) Importer(815301076,1909f56bfc062723c751e8b465ee728b)  -> (artifact id: '3efca4ed267519d0a56494c31d54ee29') in 0.007996 seconds 
========================================================================
Received Import Request.
  Time since last request: 0.000184 seconds.
  path: Assets/Sprites/Object/40 40 B.png
  artifactKey: Guid(55f99fc927cbd448f8e1829e5ad7aeb3) Importer(815301076,1909f56bfc062723c751e8b465ee728b)
Start importing Assets/Sprites/Object/40 40 B.png using Guid(55f99fc927cbd448f8e1829e5ad7aeb3) Importer(815301076,1909f56bfc062723c751e8b465ee728b)  -> (artifact id: '3e2078f8bd5029f5f9f6a3f19d65384f') in 0.007310 seconds 
========================================================================
Received Import Request.
  Time since last request: 41.427254 seconds.
  path: Assets/Prefebs/Chrismas.prefab
  artifactKey: Guid(2b4412cde9a7148948d43b9395805e85) Importer(815301076,1909f56bfc062723c751e8b465ee728b)
Start importing Assets/Prefebs/Chrismas.prefab using Guid(2b4412cde9a7148948d43b9395805e85) Importer(815301076,1909f56bfc062723c751e8b465ee728b)  -> (artifact id: '8adce6d853a97f1a9767c86cb727e836') in 0.010523 seconds 
========================================================================
Received Import Request.
  Time since last request: 6.676065 seconds.
  path: Assets/Sprites/Jump/Chrismas_jump.png
  artifactKey: Guid(d4014e1883477473899aadb8462017ee) Importer(815301076,1909f56bfc062723c751e8b465ee728b)
Start importing Assets/Sprites/Jump/Chrismas_jump.png using Guid(d4014e1883477473899aadb8462017ee) Importer(815301076,1909f56bfc062723c751e8b465ee728b)  -> (artifact id: '769f8a3a67cd26e2bd2d7188c3f85fa0') in 0.017970 seconds 
========================================================================
Received Import Request.
  Time since last request: 0.000293 seconds.
  path: Assets/Sprites/Jump/Grade2_jump.png
  artifactKey: Guid(c5d50b0c513604109a6c9f40565f87c6) Importer(815301076,1909f56bfc062723c751e8b465ee728b)
Start importing Assets/Sprites/Jump/Grade2_jump.png using Guid(c5d50b0c513604109a6c9f40565f87c6) Importer(815301076,1909f56bfc062723c751e8b465ee728b)  -> (artifact id: 'ac0bfd5c3f465f9e81220416e5e10b5e') in 0.012703 seconds 
========================================================================
Received Import Request.
  Time since last request: 0.000279 seconds.
  path: Assets/Sprites/Jump/Hanbok(F)_jump.png
  artifactKey: Guid(11708ebd50de14f29852621c0226e185) Importer(815301076,1909f56bfc062723c751e8b465ee728b)
Start importing Assets/Sprites/Jump/Hanbok(F)_jump.png using Guid(11708ebd50de14f29852621c0226e185) Importer(815301076,1909f56bfc062723c751e8b465ee728b)  -> (artifact id: '212582221d0f191ca01ef6230fc1568d') in 0.011245 seconds 
========================================================================
Received Import Request.
  Time since last request: 0.000192 seconds.
  path: Assets/Sprites/Jump/Witch_jump.png
  artifactKey: Guid(4114efe87f25647e287d5381a4e744d7) Importer(815301076,1909f56bfc062723c751e8b465ee728b)
Start importing Assets/Sprites/Jump/Witch_jump.png using Guid(4114efe87f25647e287d5381a4e744d7) Importer(815301076,1909f56bfc062723c751e8b465ee728b)  -> (artifact id: '63e7f3da160eba2100edb895031c9147') in 0.010238 seconds 
========================================================================
Received Import Request.
  Time since last request: 0.000195 seconds.
  path: Assets/Sprites/Jump/Grade4_jump.png
  artifactKey: Guid(a22074f034d514d959d6a46b32493b21) Importer(815301076,1909f56bfc062723c751e8b465ee728b)
Start importing Assets/Sprites/Jump/Grade4_jump.png using Guid(a22074f034d514d959d6a46b32493b21) Importer(815301076,1909f56bfc062723c751e8b465ee728b)  -> (artifact id: 'da957ba5ed3c1eaf84a43704713d6ad1') in 0.008331 seconds 
========================================================================
Received Import Request.
  Time since last request: 0.000315 seconds.
  path: Assets/Sprites/Jump/Hanbok_jump.png
  artifactKey: Guid(54186ed752dc6475289adbab63642002) Importer(815301076,1909f56bfc062723c751e8b465ee728b)
Start importing Assets/Sprites/Jump/Hanbok_jump.png using Guid(54186ed752dc6475289adbab63642002) Importer(815301076,1909f56bfc062723c751e8b465ee728b)  -> (artifact id: '1b2d67ce966425d58a5d5f981d25bbbf') in 0.008378 seconds 
========================================================================
Received Import Request.
  Time since last request: 0.000160 seconds.
  path: Assets/Sprites/Jump/Grade3_jump.png
  artifactKey: Guid(614ddf1d05ec842f1ae0ba59fa13928e) Importer(815301076,1909f56bfc062723c751e8b465ee728b)
Start importing Assets/Sprites/Jump/Grade3_jump.png using Guid(614ddf1d05ec842f1ae0ba59fa13928e) Importer(815301076,1909f56bfc062723c751e8b465ee728b)  -> (artifact id: '7cd390cbeac9bc8835ee7ffc40336c27') in 0.007808 seconds 
========================================================================
Received Import Request.
  Time since last request: 36.131094 seconds.
  path: Assets/Prefebs/Witch.prefab
  artifactKey: Guid(970a8aeb482e04f1ba871d1c4eb82c72) Importer(815301076,1909f56bfc062723c751e8b465ee728b)
Start importing Assets/Prefebs/Witch.prefab using Guid(970a8aeb482e04f1ba871d1c4eb82c72) Importer(815301076,1909f56bfc062723c751e8b465ee728b)  -> (artifact id: '842774ddf9447d4d0f1d1b6e53f10b1c') in 0.009509 seconds 
========================================================================
Received Prepare
Registering precompiled user dll's ...
Registered in 0.001556 seconds.
Begin MonoManager ReloadAssembly
Symbol file data-0x7f9160448000 doesn't match image /Users/cha/Documents/GitHub/S.G-Unity/SG/Library/ScriptAssemblies/Unity.2D.Animation.Editor.dll
Symbol file LoadedFromMemory is not a mono symbol file
Symbol file data-0x7f915c327b00 doesn't match image /Users/cha/Documents/GitHub/S.G-Unity/SG/Library/ScriptAssemblies/Unity.InternalAPIEngineBridge.001.dll
Symbol file LoadedFromMemory is not a mono symbol file
Symbol file data-0x7f917aec6c00 doesn't match image /Users/cha/Documents/GitHub/S.G-Unity/SG/Library/ScriptAssemblies/Unity.VSCode.Editor.dll
Symbol file LoadedFromMemory is not a mono symbol file
Symbol file data-0x7f917aecca00 doesn't match image /Users/cha/Documents/GitHub/S.G-Unity/SG/Library/ScriptAssemblies/Unity.2D.PixelPerfect.dll
Symbol file LoadedFromMemory is not a mono symbol file
Symbol file data-0x7f91604a0000 doesn't match image /Users/cha/Documents/GitHub/S.G-Unity/SG/Library/ScriptAssemblies/Unity.2D.Tilemap.Editor.dll
Symbol file LoadedFromMemory is not a mono symbol file
Symbol file data-0x7f91604a0000 doesn't match image /Users/cha/Documents/GitHub/S.G-Unity/SG/Library/ScriptAssemblies/PsdPlugin.dll
Symbol file LoadedFromMemory is not a mono symbol file
Symbol file data-0x7f91604a0000 doesn't match image /Users/cha/Documents/GitHub/S.G-Unity/SG/Library/ScriptAssemblies/Unity.TextMeshPro.Editor.dll
Symbol file LoadedFromMemory is not a mono symbol file
Symbol file data-0x7f917aefa200 doesn't match image /Users/cha/Documents/GitHub/S.G-Unity/SG/Library/ScriptAssemblies/Unity.VisualStudio.Editor.dll
Symbol file LoadedFromMemory is not a mono symbol file
Symbol file data-0x7f91604a0000 doesn't match image /Users/cha/Documents/GitHub/S.G-Unity/SG/Library/ScriptAssemblies/UnityEngine.TestRunner.dll
Symbol file LoadedFromMemory is not a mono symbol file
Symbol file data-0x7f91604a0000 doesn't match image /Users/cha/Documents/GitHub/S.G-Unity/SG/Library/ScriptAssemblies/Unity.Timeline.dll
Symbol file LoadedFromMemory is not a mono symbol file
Symbol file data-0x7f9160528000 doesn't match image /Users/cha/Documents/GitHub/S.G-Unity/SG/Library/ScriptAssemblies/Unity.TextMeshPro.dll
Symbol file LoadedFromMemory is not a mono symbol file
Symbol file data-0x7f9161020000 doesn't match image /Users/cha/Documents/GitHub/S.G-Unity/SG/Library/ScriptAssemblies/UnityEditor.TestRunner.dll
Symbol file LoadedFromMemory is not a mono symbol file
Symbol file data-0x7f917af22400 doesn't match image /Users/cha/Documents/GitHub/S.G-Unity/SG/Library/ScriptAssemblies/Unity.2D.IK.Editor.dll
Symbol file LoadedFromMemory is not a mono symbol file
Symbol file data-0x7f9160550000 doesn't match image /Users/cha/Documents/GitHub/S.G-Unity/SG/Library/ScriptAssemblies/Unity.2D.Sprite.Editor.dll
Symbol file LoadedFromMemory is not a mono symbol file
Symbol file data-0x7f917af22400 doesn't match image /Users/cha/Documents/GitHub/S.G-Unity/SG/Library/ScriptAssemblies/Unity.2D.Psdimporter.Editor.dll
Symbol file LoadedFromMemory is not a mono symbol file
Symbol file data-0x7f917aee2000 doesn't match image /Users/cha/Documents/GitHub/S.G-Unity/SG/Library/ScriptAssemblies/Unity.2D.Path.Editor.dll
Symbol file LoadedFromMemory is not a mono symbol file
Symbol file data-0x7f917af22400 doesn't match image /Users/cha/Documents/GitHub/S.G-Unity/SG/Library/ScriptAssemblies/Unity.InternalAPIEditorBridge.001.dll
Symbol file LoadedFromMemory is not a mono symbol file
Symbol file data-0x7f917aee2000 doesn't match image /Users/cha/Documents/GitHub/S.G-Unity/SG/Library/ScriptAssemblies/UnityEditor.UI.dll
Symbol file LoadedFromMemory is not a mono symbol file
Symbol file data-0x7f91610e8000 doesn't match image /Users/cha/Documents/GitHub/S.G-Unity/SG/Library/ScriptAssemblies/Unity.PlasticSCM.Editor.dll
Symbol file LoadedFromMemory is not a mono symbol file
Symbol file data-0x7f917af23800 doesn't match image /Users/cha/Documents/GitHub/S.G-Unity/SG/Library/ScriptAssemblies/Unity.Rider.Editor.dll
Symbol file LoadedFromMemory is not a mono symbol file
Symbol file data-0x7f9161178000 doesn't match image /Users/cha/Documents/GitHub/S.G-Unity/SG/Library/ScriptAssemblies/UnityEngine.UI.dll
Symbol file LoadedFromMemory is not a mono symbol file
Symbol file data-0x7f9161248000 doesn't match image /Users/cha/Documents/GitHub/S.G-Unity/SG/Library/ScriptAssemblies/Unity.Mathematics.dll
Symbol file LoadedFromMemory is not a mono symbol file
Symbol file data-0x7f917aee2000 doesn't match image /Users/cha/Documents/GitHub/S.G-Unity/SG/Library/ScriptAssemblies/Unity.2D.IK.Runtime.dll
Symbol file LoadedFromMemory is not a mono symbol file
Symbol file data-0x7f917aea1800 doesn't match image /Users/cha/Documents/GitHub/S.G-Unity/SG/Library/ScriptAssemblies/Unity.Services.Core.Editor.dll
Symbol file LoadedFromMemory is not a mono symbol file
Symbol file data-0x7f9161178000 doesn't match image /Users/cha/Documents/GitHub/S.G-Unity/SG/Library/ScriptAssemblies/Unity.2D.Animation.Triangle.Runtime.dll
Symbol file LoadedFromMemory is not a mono symbol file
Symbol file data-0x7f917aee3000 doesn't match image /Users/cha/Documents/GitHub/S.G-Unity/SG/Library/ScriptAssemblies/Unity.2D.Animation.Runtime.dll
Symbol file LoadedFromMemory is not a mono symbol file
Symbol file data-0x7f917aee7200 doesn't match image /Users/cha/Documents/GitHub/S.G-Unity/SG/Library/ScriptAssemblies/Unity.2D.PixelPerfect.Editor.dll
Symbol file LoadedFromMemory is not a mono symbol file
Symbol file data-0x7f91612f0000 doesn't match image /Users/cha/Documents/GitHub/S.G-Unity/SG/Library/ScriptAssemblies/Unity.Timeline.Editor.dll
Symbol file LoadedFromMemory is not a mono symbol file
Symbol file data-0x7f9161178000 doesn't match image /Users/cha/Documents/GitHub/S.G-Unity/SG/Library/ScriptAssemblies/Unity.CollabProxy.Editor.dll
Symbol file LoadedFromMemory is not a mono symbol file
Symbol file data-0x7f917aee4000 doesn't match image /Users/cha/Documents/GitHub/S.G-Unity/SG/Library/ScriptAssemblies/Unity.Mathematics.Editor.dll
Symbol file LoadedFromMemory is not a mono symbol file
Symbol file data-0x7f915c335820 doesn't match image /Users/cha/Documents/GitHub/S.G-Unity/SG/Library/ScriptAssemblies/Unity.2D.Common.Runtime.dll
Symbol file LoadedFromMemory is not a mono symbol file
Symbol file data-0x7f917aeaa400 doesn't match image /Users/cha/Documents/GitHub/S.G-Unity/SG/Library/ScriptAssemblies/Unity.2D.SpriteShape.Editor.dll
Symbol file LoadedFromMemory is not a mono symbol file
Symbol file data-0x7f917aeb0e00 doesn't match image /Users/cha/Documents/GitHub/S.G-Unity/SG/Library/ScriptAssemblies/Unity.2D.Common.Editor.dll
Symbol file LoadedFromMemory is not a mono symbol file
Symbol file data-0x7f9161178000 doesn't match image /Users/cha/Documents/GitHub/S.G-Unity/SG/Library/ScriptAssemblies/Unity.2D.SpriteShape.Runtime.dll
Symbol file LoadedFromMemory is not a mono symbol file
Native extension for OSXStandalone target not found
Refreshing native plugins compatible for Editor in 0.54 ms, found 3 plugins.
Preloading 0 native plugins for Editor in 0.00 ms.
2022-05-27 16:02:50.185 Unity[38416:1715911] NSEventModifierFlagFunction specified to -setKeyEquivalentModifierMask: for item <NSMenuItem: 0x6000017a8b60 Font Asset, ke='Command-F12'>, but is only supported for system-provided menu items; will not be used
Mono: successfully reloaded assembly
- Completed reload, in  2.359 seconds
Domain Reload Profiling:
	ReloadAssembly (2362ms)
		BeginReloadAssembly (326ms)
			ExecutionOrderSort (0ms)
			DisableScriptedObjects (55ms)
			BackupInstance (0ms)
			ReleaseScriptingObjects (0ms)
			CreateAndSetChildDomain (126ms)
		EndReloadAssembly (1942ms)
			LoadAssemblies (210ms)
			RebuildTransferFunctionScriptingTraits (0ms)
			SetupTypeCache (356ms)
			ReleaseScriptCaches (1ms)
			RebuildScriptCaches (55ms)
			SetupLoadedEditorAssemblies (1064ms)
				LogAssemblyErrors (0ms)
				InitializePlatformSupportModulesInManaged (14ms)
				SetLoadedEditorAssemblies (1ms)
				RefreshPlugins (1ms)
				BeforeProcessingInitializeOnLoad (255ms)
				ProcessInitializeOnLoadAttributes (753ms)
				ProcessInitializeOnLoadMethodAttributes (38ms)
				AfterProcessingInitializeOnLoad (1ms)
				EditorAssembliesLoaded (0ms)
			ExecutionOrderSort2 (0ms)
			AwakeInstancesAfterBackupRestoration (37ms)
Platform modules already initialized, skipping
Refreshing native plugins compatible for Editor in 0.43 ms, found 3 plugins.
Preloading 0 native plugins for Editor in 0.00 ms.
Unloading 2196 Unused Serialized files (Serialized files now loaded: 0)
System memory in use before: 219.1 MB.
System memory in use after: 219.1 MB.

Unloading 21 unused Assets to reduce memory usage. Loaded Objects now: 2695.
Total: 3.163750 ms (FindLiveObjects: 0.095209 ms CreateObjectMapping: 0.042833 ms MarkObjects: 2.772375 ms  DeleteObjects: 0.252583 ms)

AssetImportParameters requested are different than current active one (requested -> active):
  custom:video-decoder-ogg-theora: a1e56fd34408186e4bbccfd4996cb3dc -> 
  custom:container-muxer-webm: aa71ff27fc2769a1b78a27578f13a17b -> 
  custom:container-demuxer-webm: 4f35f7cbe854078d1ac9338744f61a02 -> 
  custom:container-demuxer-ogg: 62fdf1f143b41e24485cea50d1cbac27 -> 
  custom:video-encoder-webm-vp8: eb34c28f22e8b96e1ab97ce403110664 -> 
  custom:framework-osx-AVFoundation: e770b220cccbd017edd2c1fefb359320 -> 
  custom:video-decoder-webm-vp8: 9c59270c3fd7afecdb556c50c9e8de78 -> 
  custom:audio-decoder-ogg-vorbis: bf7c407c2cedff20999df2af8eb42d56 -> 
  custom:audio-encoder-webm-vorbis: bf7c407c2cedff20999df2af8eb42d56 -> 
========================================================================
Received Import Request.
  Time since last request: 2936.441430 seconds.
  path: Assets/Prefebs/Grade4.prefab
  artifactKey: Guid(678387f42582d4d62ae14cee4a8c928c) Importer(815301076,1909f56bfc062723c751e8b465ee728b)
Start importing Assets/Prefebs/Grade4.prefab using Guid(678387f42582d4d62ae14cee4a8c928c) Importer(815301076,1909f56bfc062723c751e8b465ee728b)  -> (artifact id: '862402700e8c89e269d74a2df585073e') in 0.164769 seconds 
========================================================================
Received Import Request.
  Time since last request: 0.000416 seconds.
  path: Assets/Prefebs/Witch.prefab
  artifactKey: Guid(970a8aeb482e04f1ba871d1c4eb82c72) Importer(815301076,1909f56bfc062723c751e8b465ee728b)
Start importing Assets/Prefebs/Witch.prefab using Guid(970a8aeb482e04f1ba871d1c4eb82c72) Importer(815301076,1909f56bfc062723c751e8b465ee728b)  -> (artifact id: 'b6280afdad372823047c915292f2ba7b') in 0.014164 seconds 
========================================================================
Received Import Request.
  Time since last request: 0.000176 seconds.
  path: Assets/Prefebs/Grade2.prefab
  artifactKey: Guid(3e1ba95589fdc4da1856a8d99d172e1b) Importer(815301076,1909f56bfc062723c751e8b465ee728b)
Start importing Assets/Prefebs/Grade2.prefab using Guid(3e1ba95589fdc4da1856a8d99d172e1b) Importer(815301076,1909f56bfc062723c751e8b465ee728b)  -> (artifact id: '2bc0f26933aed98ee9c9c56469736685') in 0.008888 seconds 
========================================================================
Received Import Request.
  Time since last request: 0.000251 seconds.
  path: Assets/Prefebs/Chrismas.prefab
  artifactKey: Guid(2b4412cde9a7148948d43b9395805e85) Importer(815301076,1909f56bfc062723c751e8b465ee728b)
Start importing Assets/Prefebs/Chrismas.prefab using Guid(2b4412cde9a7148948d43b9395805e85) Importer(815301076,1909f56bfc062723c751e8b465ee728b)  -> (artifact id: 'f132829d57424820ee23a6e4a0e53045') in 0.007896 seconds 
========================================================================
Received Import Request.
  Time since last request: 0.000172 seconds.
  path: Assets/Prefebs/Grade3.prefab
  artifactKey: Guid(c5fee226da47c479fbcc0b4c0147db06) Importer(815301076,1909f56bfc062723c751e8b465ee728b)
Start importing Assets/Prefebs/Grade3.prefab using Guid(c5fee226da47c479fbcc0b4c0147db06) Importer(815301076,1909f56bfc062723c751e8b465ee728b)  -> (artifact id: '065d3f7f75fe5dde4d92c38e188339df') in 0.007700 seconds 
========================================================================
Received Import Request.
  Time since last request: 0.000147 seconds.
  path: Assets/Prefebs/Grade1.prefab
  artifactKey: Guid(487b77db51c0f47f5b6bfd2e77d0b2b3) Importer(815301076,1909f56bfc062723c751e8b465ee728b)
Start importing Assets/Prefebs/Grade1.prefab using Guid(487b77db51c0f47f5b6bfd2e77d0b2b3) Importer(815301076,1909f56bfc062723c751e8b465ee728b)  -> (artifact id: '2a5f9bbe3bd4890fe2ed7fd99ed5b0f9') in 0.007232 seconds 
========================================================================
Received Prepare
Registering precompiled user dll's ...
Registered in 0.001483 seconds.
Begin MonoManager ReloadAssembly
Symbol file data-0x7f91700e0000 doesn't match image /Users/cha/Documents/GitHub/S.G-Unity/SG/Library/ScriptAssemblies/Unity.2D.Animation.Editor.dll
Symbol file LoadedFromMemory is not a mono symbol file
Symbol file data-0x7f915c0229d0 doesn't match image /Users/cha/Documents/GitHub/S.G-Unity/SG/Library/ScriptAssemblies/Unity.InternalAPIEngineBridge.001.dll
Symbol file LoadedFromMemory is not a mono symbol file
Symbol file data-0x7f915b68ec00 doesn't match image /Users/cha/Documents/GitHub/S.G-Unity/SG/Library/ScriptAssemblies/Unity.VSCode.Editor.dll
Symbol file LoadedFromMemory is not a mono symbol file
Symbol file data-0x7f915b691000 doesn't match image /Users/cha/Documents/GitHub/S.G-Unity/SG/Library/ScriptAssemblies/Unity.2D.PixelPerfect.dll
Symbol file LoadedFromMemory is not a mono symbol file
Symbol file data-0x7f9170110000 doesn't match image /Users/cha/Documents/GitHub/S.G-Unity/SG/Library/ScriptAssemblies/Unity.2D.Tilemap.Editor.dll
Symbol file LoadedFromMemory is not a mono symbol file
Symbol file data-0x7f9170110000 doesn't match image /Users/cha/Documents/GitHub/S.G-Unity/SG/Library/ScriptAssemblies/PsdPlugin.dll
Symbol file LoadedFromMemory is not a mono symbol file
Symbol file data-0x7f9170110000 doesn't match image /Users/cha/Documents/GitHub/S.G-Unity/SG/Library/ScriptAssemblies/Unity.TextMeshPro.Editor.dll
Symbol file LoadedFromMemory is not a mono symbol file
Symbol file data-0x7f915b15e800 doesn't match image /Users/cha/Documents/GitHub/S.G-Unity/SG/Library/ScriptAssemblies/Unity.VisualStudio.Editor.dll
Symbol file LoadedFromMemory is not a mono symbol file
Symbol file data-0x7f9170110000 doesn't match image /Users/cha/Documents/GitHub/S.G-Unity/SG/Library/ScriptAssemblies/UnityEngine.TestRunner.dll
Symbol file LoadedFromMemory is not a mono symbol file
Symbol file data-0x7f9170110000 doesn't match image /Users/cha/Documents/GitHub/S.G-Unity/SG/Library/ScriptAssemblies/Unity.Timeline.dll
Symbol file LoadedFromMemory is not a mono symbol file
Symbol file data-0x7f91702b0000 doesn't match image /Users/cha/Documents/GitHub/S.G-Unity/SG/Library/ScriptAssemblies/Unity.TextMeshPro.dll
Symbol file LoadedFromMemory is not a mono symbol file
Symbol file data-0x7f91700f8000 doesn't match image /Users/cha/Documents/GitHub/S.G-Unity/SG/Library/ScriptAssemblies/UnityEditor.TestRunner.dll
Symbol file LoadedFromMemory is not a mono symbol file
Symbol file data-0x7f915b46d200 doesn't match image /Users/cha/Documents/GitHub/S.G-Unity/SG/Library/ScriptAssemblies/Unity.2D.IK.Editor.dll
Symbol file LoadedFromMemory is not a mono symbol file
Symbol file data-0x7f9170110000 doesn't match image /Users/cha/Documents/GitHub/S.G-Unity/SG/Library/ScriptAssemblies/Unity.2D.Sprite.Editor.dll
Symbol file LoadedFromMemory is not a mono symbol file
Symbol file data-0x7f915b165e00 doesn't match image /Users/cha/Documents/GitHub/S.G-Unity/SG/Library/ScriptAssemblies/Unity.2D.Psdimporter.Editor.dll
Symbol file LoadedFromMemory is not a mono symbol file
Symbol file data-0x7f915b16c400 doesn't match image /Users/cha/Documents/GitHub/S.G-Unity/SG/Library/ScriptAssemblies/Unity.2D.Path.Editor.dll
Symbol file LoadedFromMemory is not a mono symbol file
Symbol file data-0x7f915b46da00 doesn't match image /Users/cha/Documents/GitHub/S.G-Unity/SG/Library/ScriptAssemblies/Unity.InternalAPIEditorBridge.001.dll
Symbol file LoadedFromMemory is not a mono symbol file
Symbol file data-0x7f915b686a00 doesn't match image /Users/cha/Documents/GitHub/S.G-Unity/SG/Library/ScriptAssemblies/UnityEditor.UI.dll
Symbol file LoadedFromMemory is not a mono symbol file
Symbol file data-0x7f9170388000 doesn't match image /Users/cha/Documents/GitHub/S.G-Unity/SG/Library/ScriptAssemblies/Unity.PlasticSCM.Editor.dll
Symbol file LoadedFromMemory is not a mono symbol file
Symbol file data-0x7f915b686a00 doesn't match image /Users/cha/Documents/GitHub/S.G-Unity/SG/Library/ScriptAssemblies/Unity.Rider.Editor.dll
Symbol file LoadedFromMemory is not a mono symbol file
Symbol file data-0x7f9170418000 doesn't match image /Users/cha/Documents/GitHub/S.G-Unity/SG/Library/ScriptAssemblies/UnityEngine.UI.dll
Symbol file LoadedFromMemory is not a mono symbol file
Symbol file data-0x7f9168e30000 doesn't match image /Users/cha/Documents/GitHub/S.G-Unity/SG/Library/ScriptAssemblies/Unity.Mathematics.dll
Symbol file LoadedFromMemory is not a mono symbol file
Symbol file data-0x7f917bf27800 doesn't match image /Users/cha/Documents/GitHub/S.G-Unity/SG/Library/ScriptAssemblies/Unity.2D.IK.Runtime.dll
Symbol file LoadedFromMemory is not a mono symbol file
Symbol file data-0x7f917bf37e00 doesn't match image /Users/cha/Documents/GitHub/S.G-Unity/SG/Library/ScriptAssemblies/Unity.Services.Core.Editor.dll
Symbol file LoadedFromMemory is not a mono symbol file
Symbol file data-0x7f9168eb0000 doesn't match image /Users/cha/Documents/GitHub/S.G-Unity/SG/Library/ScriptAssemblies/Unity.2D.Animation.Triangle.Runtime.dll
Symbol file LoadedFromMemory is not a mono symbol file
Symbol file data-0x7f917bf37e00 doesn't match image /Users/cha/Documents/GitHub/S.G-Unity/SG/Library/ScriptAssemblies/Unity.2D.Animation.Runtime.dll
Symbol file LoadedFromMemory is not a mono symbol file
Symbol file data-0x7f917bf24800 doesn't match image /Users/cha/Documents/GitHub/S.G-Unity/SG/Library/ScriptAssemblies/Unity.2D.PixelPerfect.Editor.dll
Symbol file LoadedFromMemory is not a mono symbol file
Symbol file data-0x7f9168e30000 doesn't match image /Users/cha/Documents/GitHub/S.G-Unity/SG/Library/ScriptAssemblies/Unity.Timeline.Editor.dll
Symbol file LoadedFromMemory is not a mono symbol file
Symbol file data-0x7f9168eb0000 doesn't match image /Users/cha/Documents/GitHub/S.G-Unity/SG/Library/ScriptAssemblies/Unity.CollabProxy.Editor.dll
Symbol file LoadedFromMemory is not a mono symbol file
Symbol file data-0x7f917bf28000 doesn't match image /Users/cha/Documents/GitHub/S.G-Unity/SG/Library/ScriptAssemblies/Unity.Mathematics.Editor.dll
Symbol file LoadedFromMemory is not a mono symbol file
Symbol file data-0x7f915c229850 doesn't match image /Users/cha/Documents/GitHub/S.G-Unity/SG/Library/ScriptAssemblies/Unity.2D.Common.Runtime.dll
Symbol file LoadedFromMemory is not a mono symbol file
Symbol file data-0x7f917bf44400 doesn't match image /Users/cha/Documents/GitHub/S.G-Unity/SG/Library/ScriptAssemblies/Unity.2D.SpriteShape.Editor.dll
Symbol file LoadedFromMemory is not a mono symbol file
Symbol file data-0x7f917bf39200 doesn't match image /Users/cha/Documents/GitHub/S.G-Unity/SG/Library/ScriptAssemblies/Unity.2D.Common.Editor.dll
Symbol file LoadedFromMemory is not a mono symbol file
Symbol file data-0x7f9168eb0000 doesn't match image /Users/cha/Documents/GitHub/S.G-Unity/SG/Library/ScriptAssemblies/Unity.2D.SpriteShape.Runtime.dll
Symbol file LoadedFromMemory is not a mono symbol file
Native extension for OSXStandalone target not found
Refreshing native plugins compatible for Editor in 0.51 ms, found 3 plugins.
Preloading 0 native plugins for Editor in 0.00 ms.
2022-05-27 16:12:00.781 Unity[38416:1715911] NSEventModifierFlagFunction specified to -setKeyEquivalentModifierMask: for item <NSMenuItem: 0x6000017ac540 Font Asset, ke='Command-F12'>, but is only supported for system-provided menu items; will not be used
Mono: successfully reloaded assembly
- Completed reload, in  2.252 seconds
Domain Reload Profiling:
	ReloadAssembly (2253ms)
		BeginReloadAssembly (264ms)
			ExecutionOrderSort (0ms)
			DisableScriptedObjects (43ms)
			BackupInstance (0ms)
			ReleaseScriptingObjects (0ms)
			CreateAndSetChildDomain (101ms)
		EndReloadAssembly (1895ms)
			LoadAssemblies (205ms)
			RebuildTransferFunctionScriptingTraits (0ms)
			SetupTypeCache (349ms)
			ReleaseScriptCaches (1ms)
			RebuildScriptCaches (52ms)
			SetupLoadedEditorAssemblies (1021ms)
				LogAssemblyErrors (0ms)
				InitializePlatformSupportModulesInManaged (14ms)
				SetLoadedEditorAssemblies (3ms)
				RefreshPlugins (1ms)
				BeforeProcessingInitializeOnLoad (253ms)
				ProcessInitializeOnLoadAttributes (715ms)
				ProcessInitializeOnLoadMethodAttributes (34ms)
				AfterProcessingInitializeOnLoad (1ms)
				EditorAssembliesLoaded (0ms)
			ExecutionOrderSort2 (0ms)
			AwakeInstancesAfterBackupRestoration (37ms)
Platform modules already initialized, skipping
Refreshing native plugins compatible for Editor in 0.41 ms, found 3 plugins.
Preloading 0 native plugins for Editor in 0.00 ms.
Unloading 2196 Unused Serialized files (Serialized files now loaded: 0)
System memory in use before: 219.4 MB.
System memory in use after: 219.3 MB.

Unloading 20 unused Assets to reduce memory usage. Loaded Objects now: 2698.
Total: 3.476625 ms (FindLiveObjects: 0.081125 ms CreateObjectMapping: 0.042375 ms MarkObjects: 3.085750 ms  DeleteObjects: 0.266666 ms)

AssetImportParameters requested are different than current active one (requested -> active):
  custom:video-decoder-ogg-theora: a1e56fd34408186e4bbccfd4996cb3dc -> 
  custom:container-muxer-webm: aa71ff27fc2769a1b78a27578f13a17b -> 
  custom:container-demuxer-webm: 4f35f7cbe854078d1ac9338744f61a02 -> 
  custom:container-demuxer-ogg: 62fdf1f143b41e24485cea50d1cbac27 -> 
  custom:video-encoder-webm-vp8: eb34c28f22e8b96e1ab97ce403110664 -> 
  custom:framework-osx-AVFoundation: e770b220cccbd017edd2c1fefb359320 -> 
  custom:video-decoder-webm-vp8: 9c59270c3fd7afecdb556c50c9e8de78 -> 
  custom:audio-decoder-ogg-vorbis: bf7c407c2cedff20999df2af8eb42d56 -> 
  custom:audio-encoder-webm-vorbis: bf7c407c2cedff20999df2af8eb42d56 -> 
========================================================================
Received Prepare
Registering precompiled user dll's ...
Registered in 0.000973 seconds.
Begin MonoManager ReloadAssembly
Symbol file data-0x7f9181d30000 doesn't match image /Users/cha/Documents/GitHub/S.G-Unity/SG/Library/ScriptAssemblies/Unity.2D.Animation.Editor.dll
Symbol file LoadedFromMemory is not a mono symbol file
Symbol file data-0x7f915c061200 doesn't match image /Users/cha/Documents/GitHub/S.G-Unity/SG/Library/ScriptAssemblies/Unity.InternalAPIEngineBridge.001.dll
Symbol file LoadedFromMemory is not a mono symbol file
Symbol file data-0x7f915a438400 doesn't match image /Users/cha/Documents/GitHub/S.G-Unity/SG/Library/ScriptAssemblies/Unity.VSCode.Editor.dll
Symbol file LoadedFromMemory is not a mono symbol file
Symbol file data-0x7f915a446c00 doesn't match image /Users/cha/Documents/GitHub/S.G-Unity/SG/Library/ScriptAssemblies/Unity.2D.PixelPerfect.dll
Symbol file LoadedFromMemory is not a mono symbol file
Symbol file data-0x7f9181d60000 doesn't match image /Users/cha/Documents/GitHub/S.G-Unity/SG/Library/ScriptAssemblies/Unity.2D.Tilemap.Editor.dll
Symbol file LoadedFromMemory is not a mono symbol file
Symbol file data-0x7f9181d60000 doesn't match image /Users/cha/Documents/GitHub/S.G-Unity/SG/Library/ScriptAssemblies/PsdPlugin.dll
Symbol file LoadedFromMemory is not a mono symbol file
Symbol file data-0x7f9181d60000 doesn't match image /Users/cha/Documents/GitHub/S.G-Unity/SG/Library/ScriptAssemblies/Unity.TextMeshPro.Editor.dll
Symbol file LoadedFromMemory is not a mono symbol file
Symbol file data-0x7f915a446c00 doesn't match image /Users/cha/Documents/GitHub/S.G-Unity/SG/Library/ScriptAssemblies/Unity.VisualStudio.Editor.dll
Symbol file LoadedFromMemory is not a mono symbol file
Symbol file data-0x7f9181d60000 doesn't match image /Users/cha/Documents/GitHub/S.G-Unity/SG/Library/ScriptAssemblies/UnityEngine.TestRunner.dll
Symbol file LoadedFromMemory is not a mono symbol file
Symbol file data-0x7f9181d60000 doesn't match image /Users/cha/Documents/GitHub/S.G-Unity/SG/Library/ScriptAssemblies/Unity.Timeline.dll
Symbol file LoadedFromMemory is not a mono symbol file
Symbol file data-0x7f9181e48000 doesn't match image /Users/cha/Documents/GitHub/S.G-Unity/SG/Library/ScriptAssemblies/Unity.TextMeshPro.dll
Symbol file LoadedFromMemory is not a mono symbol file
Symbol file data-0x7f9181ea0000 doesn't match image /Users/cha/Documents/GitHub/S.G-Unity/SG/Library/ScriptAssemblies/UnityEditor.TestRunner.dll
Symbol file LoadedFromMemory is not a mono symbol file
Symbol file data-0x7f915a448400 doesn't match image /Users/cha/Documents/GitHub/S.G-Unity/SG/Library/ScriptAssemblies/Unity.2D.IK.Editor.dll
Symbol file LoadedFromMemory is not a mono symbol file
Symbol file data-0x7f9181d60000 doesn't match image /Users/cha/Documents/GitHub/S.G-Unity/SG/Library/ScriptAssemblies/Unity.2D.Sprite.Editor.dll
Symbol file LoadedFromMemory is not a mono symbol file
Symbol file data-0x7f915a455600 doesn't match image /Users/cha/Documents/GitHub/S.G-Unity/SG/Library/ScriptAssemblies/Unity.2D.Psdimporter.Editor.dll
Symbol file LoadedFromMemory is not a mono symbol file
Symbol file data-0x7f915a45bc00 doesn't match image /Users/cha/Documents/GitHub/S.G-Unity/SG/Library/ScriptAssemblies/Unity.2D.Path.Editor.dll
Symbol file LoadedFromMemory is not a mono symbol file
Symbol file data-0x7f915a448400 doesn't match image /Users/cha/Documents/GitHub/S.G-Unity/SG/Library/ScriptAssemblies/Unity.InternalAPIEditorBridge.001.dll
Symbol file LoadedFromMemory is not a mono symbol file
Symbol file data-0x7f915a455600 doesn't match image /Users/cha/Documents/GitHub/S.G-Unity/SG/Library/ScriptAssemblies/UnityEditor.UI.dll
Symbol file LoadedFromMemory is not a mono symbol file
Symbol file data-0x7f9181f68000 doesn't match image /Users/cha/Documents/GitHub/S.G-Unity/SG/Library/ScriptAssemblies/Unity.PlasticSCM.Editor.dll
Symbol file LoadedFromMemory is not a mono symbol file
Symbol file data-0x7f915a455600 doesn't match image /Users/cha/Documents/GitHub/S.G-Unity/SG/Library/ScriptAssemblies/Unity.Rider.Editor.dll
Symbol file LoadedFromMemory is not a mono symbol file
Symbol file data-0x7f9181ff8000 doesn't match image /Users/cha/Documents/GitHub/S.G-Unity/SG/Library/ScriptAssemblies/UnityEngine.UI.dll
Symbol file LoadedFromMemory is not a mono symbol file
Symbol file data-0x7f91820c8000 doesn't match image /Users/cha/Documents/GitHub/S.G-Unity/SG/Library/ScriptAssemblies/Unity.Mathematics.dll
Symbol file LoadedFromMemory is not a mono symbol file
Symbol file data-0x7f915a448400 doesn't match image /Users/cha/Documents/GitHub/S.G-Unity/SG/Library/ScriptAssemblies/Unity.2D.IK.Runtime.dll
Symbol file LoadedFromMemory is not a mono symbol file
Symbol file data-0x7f915a45fe00 doesn't match image /Users/cha/Documents/GitHub/S.G-Unity/SG/Library/ScriptAssemblies/Unity.Services.Core.Editor.dll
Symbol file LoadedFromMemory is not a mono symbol file
Symbol file data-0x7f9181ff8000 doesn't match image /Users/cha/Documents/GitHub/S.G-Unity/SG/Library/ScriptAssemblies/Unity.2D.Animation.Triangle.Runtime.dll
Symbol file LoadedFromMemory is not a mono symbol file
Symbol file data-0x7f915a45fe00 doesn't match image /Users/cha/Documents/GitHub/S.G-Unity/SG/Library/ScriptAssemblies/Unity.2D.Animation.Runtime.dll
Symbol file LoadedFromMemory is not a mono symbol file
Symbol file data-0x7f915a449c00 doesn't match image /Users/cha/Documents/GitHub/S.G-Unity/SG/Library/ScriptAssemblies/Unity.2D.PixelPerfect.Editor.dll
Symbol file LoadedFromMemory is not a mono symbol file
Symbol file data-0x7f9170588000 doesn't match image /Users/cha/Documents/GitHub/S.G-Unity/SG/Library/ScriptAssemblies/Unity.Timeline.Editor.dll
Symbol file LoadedFromMemory is not a mono symbol file
Symbol file data-0x7f9170570000 doesn't match image /Users/cha/Documents/GitHub/S.G-Unity/SG/Library/ScriptAssemblies/Unity.CollabProxy.Editor.dll
Symbol file LoadedFromMemory is not a mono symbol file
Symbol file data-0x7f9159ac6600 doesn't match image /Users/cha/Documents/GitHub/S.G-Unity/SG/Library/ScriptAssemblies/Unity.Mathematics.Editor.dll
Symbol file LoadedFromMemory is not a mono symbol file
Symbol file data-0x7f917a0b5ce0 doesn't match image /Users/cha/Documents/GitHub/S.G-Unity/SG/Library/ScriptAssemblies/Unity.2D.Common.Runtime.dll
Symbol file LoadedFromMemory is not a mono symbol file
Symbol file data-0x7f9159aeae00 doesn't match image /Users/cha/Documents/GitHub/S.G-Unity/SG/Library/ScriptAssemblies/Unity.2D.SpriteShape.Editor.dll
Symbol file LoadedFromMemory is not a mono symbol file
Symbol file data-0x7f9159af9200 doesn't match image /Users/cha/Documents/GitHub/S.G-Unity/SG/Library/ScriptAssemblies/Unity.2D.Common.Editor.dll
Symbol file LoadedFromMemory is not a mono symbol file
Symbol file data-0x7f9170570000 doesn't match image /Users/cha/Documents/GitHub/S.G-Unity/SG/Library/ScriptAssemblies/Unity.2D.SpriteShape.Runtime.dll
Symbol file LoadedFromMemory is not a mono symbol file
Native extension for OSXStandalone target not found
Refreshing native plugins compatible for Editor in 0.45 ms, found 3 plugins.
Preloading 0 native plugins for Editor in 0.00 ms.
2022-05-27 16:40:14.114 Unity[38416:1715911] NSEventModifierFlagFunction specified to -setKeyEquivalentModifierMask: for item <NSMenuItem: 0x6000017af250 Font Asset, ke='Command-F12'>, but is only supported for system-provided menu items; will not be used
Mono: successfully reloaded assembly
- Completed reload, in  2.274 seconds
Domain Reload Profiling:
	ReloadAssembly (2276ms)
		BeginReloadAssembly (262ms)
			ExecutionOrderSort (0ms)
			DisableScriptedObjects (47ms)
			BackupInstance (0ms)
			ReleaseScriptingObjects (0ms)
			CreateAndSetChildDomain (94ms)
		EndReloadAssembly (1920ms)
			LoadAssemblies (205ms)
			RebuildTransferFunctionScriptingTraits (0ms)
			SetupTypeCache (344ms)
			ReleaseScriptCaches (1ms)
			RebuildScriptCaches (52ms)
			SetupLoadedEditorAssemblies (1051ms)
				LogAssemblyErrors (0ms)
				InitializePlatformSupportModulesInManaged (13ms)
				SetLoadedEditorAssemblies (2ms)
				RefreshPlugins (0ms)
				BeforeProcessingInitializeOnLoad (263ms)
				ProcessInitializeOnLoadAttributes (740ms)
				ProcessInitializeOnLoadMethodAttributes (33ms)
				AfterProcessingInitializeOnLoad (1ms)
				EditorAssembliesLoaded (0ms)
			ExecutionOrderSort2 (0ms)
			AwakeInstancesAfterBackupRestoration (38ms)
Platform modules already initialized, skipping
Refreshing native plugins compatible for Editor in 0.41 ms, found 3 plugins.
Preloading 0 native plugins for Editor in 0.00 ms.
Unloading 2196 Unused Serialized files (Serialized files now loaded: 0)
System memory in use before: 219.6 MB.
System memory in use after: 219.5 MB.

Unloading 20 unused Assets to reduce memory usage. Loaded Objects now: 2700.
Total: 3.055583 ms (FindLiveObjects: 0.086958 ms CreateObjectMapping: 0.042583 ms MarkObjects: 2.650875 ms  DeleteObjects: 0.274458 ms)

AssetImportParameters requested are different than current active one (requested -> active):
  custom:video-decoder-ogg-theora: a1e56fd34408186e4bbccfd4996cb3dc -> 
  custom:container-muxer-webm: aa71ff27fc2769a1b78a27578f13a17b -> 
  custom:container-demuxer-webm: 4f35f7cbe854078d1ac9338744f61a02 -> 
  custom:container-demuxer-ogg: 62fdf1f143b41e24485cea50d1cbac27 -> 
  custom:video-encoder-webm-vp8: eb34c28f22e8b96e1ab97ce403110664 -> 
  custom:framework-osx-AVFoundation: e770b220cccbd017edd2c1fefb359320 -> 
  custom:video-decoder-webm-vp8: 9c59270c3fd7afecdb556c50c9e8de78 -> 
  custom:audio-decoder-ogg-vorbis: bf7c407c2cedff20999df2af8eb42d56 -> 
  custom:audio-encoder-webm-vorbis: bf7c407c2cedff20999df2af8eb42d56 -> 
========================================================================
Received Import Request.
  Time since last request: 2343.129755 seconds.
  path: Assets/Sprites/Object/30 30 A.png
  artifactKey: Guid(91c7bbc561c0048648a4488e2dc11254) Importer(815301076,1909f56bfc062723c751e8b465ee728b)
Start importing Assets/Sprites/Object/30 30 A.png using Guid(91c7bbc561c0048648a4488e2dc11254) Importer(815301076,1909f56bfc062723c751e8b465ee728b)  -> (artifact id: '90a59d23504911c014e89b8c6689b40f') in 0.218023 seconds 
========================================================================
Received Import Request.
  Time since last request: 8.871473 seconds.
  path: Assets/Sprites/Object/30 30 Aplus.png
  artifactKey: Guid(91c7bbc561c0048648a4488e2dc11254) Importer(815301076,1909f56bfc062723c751e8b465ee728b)
Start importing Assets/Sprites/Object/30 30 Aplus.png using Guid(91c7bbc561c0048648a4488e2dc11254) Importer(815301076,1909f56bfc062723c751e8b465ee728b)  -> (artifact id: '55438550e46735514b5a5e579e96ab52') in 0.020338 seconds 
========================================================================
Received Import Request.
  Time since last request: 18.466149 seconds.
  path: Assets/Sprites/Object/40 40 A.png
  artifactKey: Guid(123fedda1ef2a4d98ad5e5b50fc676dd) Importer(815301076,1909f56bfc062723c751e8b465ee728b)
Start importing Assets/Sprites/Object/40 40 A.png using Guid(123fedda1ef2a4d98ad5e5b50fc676dd) Importer(815301076,1909f56bfc062723c751e8b465ee728b)  -> (artifact id: '0189a3ef60202bdae38226a0d7eeae3f') in 0.020086 seconds 
========================================================================
Received Import Request.
  Time since last request: 7.862832 seconds.
  path: Assets/Sprites/Object/50 50 bottle animation 2.gif
  artifactKey: Guid(3ccc0cb0c86e04e898b754d48e27f5f3) Importer(815301076,1909f56bfc062723c751e8b465ee728b)
Start importing Assets/Sprites/Object/50 50 bottle animation 2.gif using Guid(3ccc0cb0c86e04e898b754d48e27f5f3) Importer(815301076,1909f56bfc062723c751e8b465ee728b)  -> (artifact id: '586fdca11fa7ca7c0c6bbac80e02caf6') in 0.560445 seconds 
========================================================================
Received Import Request.
  Time since last request: 0.000255 seconds.
  path: Assets/Sprites/Object/50 50 bottle animation.gif
  artifactKey: Guid(3fa1a78f8c1fa43ec80e67822c1a6427) Importer(815301076,1909f56bfc062723c751e8b465ee728b)
Start importing Assets/Sprites/Object/50 50 bottle animation.gif using Guid(3fa1a78f8c1fa43ec80e67822c1a6427) Importer(815301076,1909f56bfc062723c751e8b465ee728b)  -> (artifact id: '9870ca3a7bd684b116cfea1616de0e49') in 0.008486 seconds 
========================================================================
Received Import Request.
  Time since last request: 18.168975 seconds.
  path: Assets/Prefebs/Aplus.prefab
  artifactKey: Guid(502ba453af67642fda7fd747458fffaa) Importer(815301076,1909f56bfc062723c751e8b465ee728b)
Start importing Assets/Prefebs/Aplus.prefab using Guid(502ba453af67642fda7fd747458fffaa) Importer(815301076,1909f56bfc062723c751e8b465ee728b)  -> (artifact id: '66913f3379ce022b851aa2963ef4d9df') in 0.090500 seconds 
========================================================================
Received Import Request.
  Time since last request: 68.833758 seconds.
  path: Assets/Sprites/Object/40 40 A.png
  artifactKey: Guid(123fedda1ef2a4d98ad5e5b50fc676dd) Importer(815301076,1909f56bfc062723c751e8b465ee728b)
Start importing Assets/Sprites/Object/40 40 A.png using Guid(123fedda1ef2a4d98ad5e5b50fc676dd) Importer(815301076,1909f56bfc062723c751e8b465ee728b)  -> (artifact id: 'bd0d1401e345afaba09a92ed558ada86') in 0.030122 seconds 
========================================================================
Received Import Request.
  Time since last request: 80.861657 seconds.
  path: Assets/Prefebs/40 40 A.prefab
  artifactKey: Guid(14f76e854161c427b90c197ab0719827) Importer(815301076,1909f56bfc062723c751e8b465ee728b)
Start importing Assets/Prefebs/40 40 A.prefab using Guid(14f76e854161c427b90c197ab0719827) Importer(815301076,1909f56bfc062723c751e8b465ee728b)  -> (artifact id: '3a46ce0e0d34322fb2a06232bc8ba136') in 0.024367 seconds 
========================================================================
Received Import Request.
  Time since last request: 6.081873 seconds.
  path: Assets/Prefebs/A.prefab
  artifactKey: Guid(14f76e854161c427b90c197ab0719827) Importer(815301076,1909f56bfc062723c751e8b465ee728b)
Start importing Assets/Prefebs/A.prefab using Guid(14f76e854161c427b90c197ab0719827) Importer(815301076,1909f56bfc062723c751e8b465ee728b)  -> (artifact id: '1ce957e8c29f70c0e01fd0c8f0a016db') in 0.009271 seconds 
